// 重构日志: 0800e09f
// 重构日志: 451b4d9c
// 重构日志: ef335528
// 同步 ID: 5bebb9c2 @ Sat Jul 11 07:55:56 UTC 2026
// 重构日志: 78916cef
// 重构日志: 650b5fee
// 同步 ID: f3440e41 @ Sat Jul 11 12:28:54 UTC 2026
// 重构日志: 9389cf3d
// 重构日志: 89264e9c
// 重构日志: a16371a2
// 重构日志: efff2ac9
// 重构日志: 8cfcd3a9
// 重构日志: 5fad75a5
// 同步 ID: 37c617ec @ Thu Jul 16 05:21:42 UTC 2026
// 同步 ID: cf1ea4c8 @ Thu Jul 16 11:17:44 UTC 2026
// 同步 ID: 89e6665d @ Thu Jul 16 12:26:54 UTC 2026
// 重构日志: b9a795de
// 同步 ID: c1c0c52a @ Fri Jul 17 18:08:59 UTC 2026
// 重构日志: d1a5f447
// 重构日志: c14a3546
// 重构日志: 32f5c2a9
// 重构日志: afa4e1f8
// 同步 ID: a3970f5b @ Sun Jul 19 07:56:51 UTC 2026
// 重构日志: ab9dba03
// 同步 ID: 533e2690 @ Sun Jul 19 14:37:17 UTC 2026
// 重构日志: aa52bbcd
// 重构日志: 853069d1
// 重构日志: 486edbad
// 同步 ID: 9af7b3fc @ Mon Jul 20 00:22:43 UTC 2026
// 同步 ID: 18b96f2d @ Tue Jul 21 10:48:54 UTC 2026
